<?xml version="1.0" encoding="UTF-8"?>
<testsuite name="com.jojoldu.book.springboot.web.IndexControllerTest" tests="1" skipped="0" failures="0" errors="0" timestamp="2021-08-10T11:04:16" hostname="LAPTOP-KP4JG4PQ" time="0.265">
  <properties/>
  <testcase name="메인페이지_로딩" classname="com.jojoldu.book.springboot.web.IndexControllerTest" time="0.265"/>
  <system-out><![CDATA[2021-08-10 20:04:14.142  INFO 5692 --- [    Test worker] .b.t.c.SpringBootTestContextBootstrapper : Neither @ContextConfiguration nor @ContextHierarchy found for test class [com.jojoldu.book.springboot.web.IndexControllerTest], using SpringBootContextLoader
2021-08-10 20:04:14.142  INFO 5692 --- [    Test worker] o.s.t.c.support.AbstractContextLoader    : Could not detect default resource locations for test class [com.jojoldu.book.springboot.web.IndexControllerTest]: no resource found for suffixes {-context.xml, Context.groovy}.
2021-08-10 20:04:14.142  INFO 5692 --- [    Test worker] t.c.s.AnnotationConfigContextLoaderUtils : Could not detect default configuration classes for test class [com.jojoldu.book.springboot.web.IndexControllerTest]: IndexControllerTest does not declare any static, non-private, non-final, nested classes annotated with @Configuration.
2021-08-10 20:04:14.142  INFO 5692 --- [    Test worker] .b.t.c.SpringBootTestContextBootstrapper : Found @SpringBootConfiguration com.jojoldu.book.springboot.Application for test class com.jojoldu.book.springboot.web.IndexControllerTest
2021-08-10 20:04:14.142  INFO 5692 --- [    Test worker] .b.t.c.SpringBootTestContextBootstrapper : Loaded default TestExecutionListener class names from location [META-INF/spring.factories]: [org.springframework.security.test.context.support.WithSecurityContextTestExecutionListener, org.springframework.security.test.context.support.ReactorContextTestExecutionListener, org.springframework.boot.test.autoconfigure.restdocs.RestDocsTestExecutionListener, org.springframework.boot.test.autoconfigure.web.client.MockRestServiceServerResetTestExecutionListener, org.springframework.boot.test.autoconfigure.web.servlet.MockMvcPrintOnlyOnFailureTestExecutionListener, org.springframework.boot.test.autoconfigure.web.servlet.WebDriverTestExecutionListener, org.springframework.boot.test.mock.mockito.MockitoTestExecutionListener, org.springframework.boot.test.mock.mockito.ResetMocksTestExecutionListener, org.springframework.test.context.web.ServletTestExecutionListener, org.springframework.test.context.support.DirtiesContextBeforeModesTestExecutionListener, org.springframework.test.context.support.DependencyInjectionTestExecutionListener, org.springframework.test.context.support.DirtiesContextTestExecutionListener, org.springframework.test.context.transaction.TransactionalTestExecutionListener, org.springframework.test.context.jdbc.SqlScriptsTestExecutionListener]
2021-08-10 20:04:14.142  INFO 5692 --- [    Test worker] .b.t.c.SpringBootTestContextBootstrapper : Using TestExecutionListeners: [org.springframework.test.context.web.ServletTestExecutionListener@272095f0, org.springframework.test.context.support.DirtiesContextBeforeModesTestExecutionListener@1c33ccb4, org.springframework.boot.test.mock.mockito.MockitoTestExecutionListener@353955c9, org.springframework.boot.test.autoconfigure.SpringBootDependencyInjectionTestExecutionListener@61442ff, org.springframework.test.context.support.DirtiesContextTestExecutionListener@2538d8d8, org.springframework.test.context.transaction.TransactionalTestExecutionListener@27ecf6a7, org.springframework.test.context.jdbc.SqlScriptsTestExecutionListener@5804788e, org.springframework.security.test.context.support.WithSecurityContextTestExecutionListener@7ca3cacb, org.springframework.security.test.context.support.ReactorContextTestExecutionListener@1f3e339f, org.springframework.boot.test.autoconfigure.restdocs.RestDocsTestExecutionListener@5f27b711, org.springframework.boot.test.autoconfigure.web.client.MockRestServiceServerResetTestExecutionListener@249c6473, org.springframework.boot.test.autoconfigure.web.servlet.MockMvcPrintOnlyOnFailureTestExecutionListener@468b17b9, org.springframework.boot.test.autoconfigure.web.servlet.WebDriverTestExecutionListener@2847763c, org.springframework.boot.test.mock.mockito.ResetMocksTestExecutionListener@4a3ad31a]

  .   ____          _            __ _ _
 /\\ / ___'_ __ _ _(_)_ __  __ _ \ \ \ \
( ( )\___ | '_ | '_| | '_ \/ _` | \ \ \ \
 \\/  ___)| |_)| | | | | || (_| |  ) ) ) )
  '  |____| .__|_| |_|_| |_\__, | / / / /
 =========|_|==============|___/=/_/_/_/
 :: Spring Boot ::        (v2.1.9.RELEASE)

2021-08-10 20:04:14.194  INFO 5692 --- [    Test worker] c.j.b.s.web.IndexControllerTest          : Starting IndexControllerTest on LAPTOP-KP4JG4PQ with PID 5692 (started by eagle in C:\study\shudodog-springboot2-webservice)
2021-08-10 20:04:14.194  INFO 5692 --- [    Test worker] c.j.b.s.web.IndexControllerTest          : No active profile set, falling back to default profiles: default
2021-08-10 20:04:14.439  INFO 5692 --- [    Test worker] .s.d.r.c.RepositoryConfigurationDelegate : Bootstrapping Spring Data repositories in DEFAULT mode.
2021-08-10 20:04:14.473  INFO 5692 --- [    Test worker] .s.d.r.c.RepositoryConfigurationDelegate : Finished Spring Data repository scanning in 34ms. Found 2 repository interfaces.
2021-08-10 20:04:14.589  INFO 5692 --- [    Test worker] trationDelegate$BeanPostProcessorChecker : Bean 'org.springframework.transaction.annotation.ProxyTransactionManagementConfiguration' of type [org.springframework.transaction.annotation.ProxyTransactionManagementConfiguration$$EnhancerBySpringCGLIB$$184c9d2] is not eligible for getting processed by all BeanPostProcessors (for example: not eligible for auto-proxying)
2021-08-10 20:04:14.861  INFO 5692 --- [    Test worker] o.s.b.w.embedded.tomcat.TomcatWebServer  : Tomcat initialized with port(s): 0 (http)
2021-08-10 20:04:14.909  INFO 5692 --- [    Test worker] o.apache.catalina.core.StandardService   : Starting service [Tomcat]
2021-08-10 20:04:14.909  INFO 5692 --- [    Test worker] org.apache.catalina.core.StandardEngine  : Starting Servlet engine: [Apache Tomcat/9.0.26]
2021-08-10 20:04:15.107  INFO 5692 --- [    Test worker] o.a.c.c.C.[Tomcat].[localhost].[/]       : Initializing Spring embedded WebApplicationContext
2021-08-10 20:04:15.107  INFO 5692 --- [    Test worker] o.s.web.context.ContextLoader            : Root WebApplicationContext: initialization completed in 905 ms
2021-08-10 20:04:15.286  INFO 5692 --- [    Test worker] com.zaxxer.hikari.HikariDataSource       : HikariPool-2 - Starting...
2021-08-10 20:04:15.286  INFO 5692 --- [    Test worker] com.zaxxer.hikari.HikariDataSource       : HikariPool-2 - Start completed.
2021-08-10 20:04:15.335  INFO 5692 --- [    Test worker] o.hibernate.jpa.internal.util.LogHelper  : HHH000204: Processing PersistenceUnitInfo [
	name: default
	...]
2021-08-10 20:04:15.351  INFO 5692 --- [    Test worker] org.hibernate.dialect.Dialect            : HHH000400: Using dialect: org.hibernate.dialect.MySQL5InnoDBDialect
Hibernate: drop table if exists posts
Hibernate: drop table if exists user
Hibernate: create table posts (id bigint not null auto_increment, created_date datetime, modified_date datetime, author varchar(255), content TEXT not null, title varchar(500) not null, primary key (id)) engine=InnoDB
Hibernate: create table user (id bigint not null auto_increment, created_date datetime, modified_date datetime, email varchar(255) not null, name varchar(255) not null, picture varchar(255), role varchar(255) not null, primary key (id)) engine=InnoDB
2021-08-10 20:04:15.411  INFO 5692 --- [    Test worker] o.h.t.schema.internal.SchemaCreatorImpl  : HHH000476: Executing import script 'org.hibernate.tool.schema.internal.exec.ScriptSourceInputNonExistentImpl@3ff3733c'
2021-08-10 20:04:15.411  INFO 5692 --- [    Test worker] j.LocalContainerEntityManagerFactoryBean : Initialized JPA EntityManagerFactory for persistence unit 'default'
2021-08-10 20:04:15.776  INFO 5692 --- [    Test worker] o.h.h.i.QueryTranslatorFactoryInitiator  : HHH000397: Using ASTQueryTranslatorFactory
2021-08-10 20:04:15.921  INFO 5692 --- [    Test worker] o.s.s.web.DefaultSecurityFilterChain     : Creating filter chain: any request, [org.springframework.security.web.context.request.async.WebAsyncManagerIntegrationFilter@5bfcf5c3, org.springframework.security.web.context.SecurityContextPersistenceFilter@6ffe1eb9, org.springframework.security.web.header.HeaderWriterFilter@9ef3778, org.springframework.security.web.authentication.logout.LogoutFilter@2379c7bc, org.springframework.security.oauth2.client.web.OAuth2AuthorizationRequestRedirectFilter@6a0b5972, org.springframework.security.oauth2.client.web.OAuth2LoginAuthenticationFilter@2268b6dd, org.springframework.security.web.authentication.ui.DefaultLoginPageGeneratingFilter@3c6d0d5e, org.springframework.security.web.authentication.ui.DefaultLogoutPageGeneratingFilter@7e93df5b, org.springframework.security.web.savedrequest.RequestCacheAwareFilter@60e253d0, org.springframework.security.web.servletapi.SecurityContextHolderAwareRequestFilter@1046fc43, org.springframework.security.web.authentication.AnonymousAuthenticationFilter@4e63c932, org.springframework.security.web.session.SessionManagementFilter@2f606cf1, org.springframework.security.web.access.ExceptionTranslationFilter@44c96b55, org.springframework.security.web.access.intercept.FilterSecurityInterceptor@11969b9c]
2021-08-10 20:04:16.125  INFO 5692 --- [    Test worker] o.s.s.concurrent.ThreadPoolTaskExecutor  : Initializing ExecutorService 'applicationTaskExecutor'
2021-08-10 20:04:16.142  WARN 5692 --- [    Test worker] aWebConfiguration$JpaWebMvcConfiguration : spring.jpa.open-in-view is enabled by default. Therefore, database queries may be performed during view rendering. Explicitly configure spring.jpa.open-in-view to disable this warning
2021-08-10 20:04:16.174  INFO 5692 --- [    Test worker] o.s.b.a.w.s.WelcomePageHandlerMapping    : Adding welcome page template: index
2021-08-10 20:04:16.521  INFO 5692 --- [    Test worker] s.a.ScheduledAnnotationBeanPostProcessor : No TaskScheduler/ScheduledExecutorService bean found for scheduled processing
2021-08-10 20:04:16.563  INFO 5692 --- [    Test worker] o.s.b.w.embedded.tomcat.TomcatWebServer  : Tomcat started on port(s): 56520 (http) with context path ''
2021-08-10 20:04:16.563  INFO 5692 --- [    Test worker] c.j.b.s.web.IndexControllerTest          : Started IndexControllerTest in 2.421 seconds (JVM running for 14.008)
2021-08-10 20:04:16.721  INFO 5692 --- [o-auto-1-exec-1] o.a.c.c.C.[Tomcat].[localhost].[/]       : Initializing Spring DispatcherServlet 'dispatcherServlet'
2021-08-10 20:04:16.721  INFO 5692 --- [o-auto-1-exec-1] o.s.web.servlet.DispatcherServlet        : Initializing Servlet 'dispatcherServlet'
2021-08-10 20:04:16.754  INFO 5692 --- [o-auto-1-exec-1] o.s.web.servlet.DispatcherServlet        : Completed initialization in 33 ms
Hibernate: select posts0_.id as id1_0_, posts0_.created_date as created_2_0_, posts0_.modified_date as modified3_0_, posts0_.author as author4_0_, posts0_.content as content5_0_, posts0_.title as title6_0_ from posts posts0_ order by posts0_.id DESC
]]></system-out>
  <system-err><![CDATA[]]></system-err>
</testsuite>
