<?xml version="1.0" encoding="UTF-8"?>
<testsuite name="com.jojoldu.book.springboot.web.HelloControllerTest" tests="2" skipped="0" failures="0" errors="0" timestamp="2021-08-10T11:04:13" hostname="LAPTOP-KP4JG4PQ" time="0.166">
  <properties/>
  <testcase name="hello가_리턴된다" classname="com.jojoldu.book.springboot.web.HelloControllerTest" time="0.069"/>
  <testcase name="helloDto가_리턴된다" classname="com.jojoldu.book.springboot.web.HelloControllerTest" time="0.096"/>
  <system-out><![CDATA[2021-08-10 20:04:12.778  INFO 5692 --- [    Test worker] .b.t.a.w.s.WebMvcTestContextBootstrapper : Neither @ContextConfiguration nor @ContextHierarchy found for test class [com.jojoldu.book.springboot.web.HelloControllerTest], using SpringBootContextLoader
2021-08-10 20:04:12.778  INFO 5692 --- [    Test worker] o.s.t.c.support.AbstractContextLoader    : Could not detect default resource locations for test class [com.jojoldu.book.springboot.web.HelloControllerTest]: no resource found for suffixes {-context.xml, Context.groovy}.
2021-08-10 20:04:12.778  INFO 5692 --- [    Test worker] t.c.s.AnnotationConfigContextLoaderUtils : Could not detect default configuration classes for test class [com.jojoldu.book.springboot.web.HelloControllerTest]: HelloControllerTest does not declare any static, non-private, non-final, nested classes annotated with @Configuration.
2021-08-10 20:04:12.811  INFO 5692 --- [    Test worker] .b.t.c.SpringBootTestContextBootstrapper : Found @SpringBootConfiguration com.jojoldu.book.springboot.Application for test class com.jojoldu.book.springboot.web.HelloControllerTest
2021-08-10 20:04:12.827  INFO 5692 --- [    Test worker] .b.t.a.w.s.WebMvcTestContextBootstrapper : Loaded default TestExecutionListener class names from location [META-INF/spring.factories]: [org.springframework.security.test.context.support.WithSecurityContextTestExecutionListener, org.springframework.security.test.context.support.ReactorContextTestExecutionListener, org.springframework.boot.test.autoconfigure.restdocs.RestDocsTestExecutionListener, org.springframework.boot.test.autoconfigure.web.client.MockRestServiceServerResetTestExecutionListener, org.springframework.boot.test.autoconfigure.web.servlet.MockMvcPrintOnlyOnFailureTestExecutionListener, org.springframework.boot.test.autoconfigure.web.servlet.WebDriverTestExecutionListener, org.springframework.boot.test.mock.mockito.MockitoTestExecutionListener, org.springframework.boot.test.mock.mockito.ResetMocksTestExecutionListener, org.springframework.test.context.web.ServletTestExecutionListener, org.springframework.test.context.support.DirtiesContextBeforeModesTestExecutionListener, org.springframework.test.context.support.DependencyInjectionTestExecutionListener, org.springframework.test.context.support.DirtiesContextTestExecutionListener, org.springframework.test.context.transaction.TransactionalTestExecutionListener, org.springframework.test.context.jdbc.SqlScriptsTestExecutionListener]
2021-08-10 20:04:12.828  INFO 5692 --- [    Test worker] .b.t.a.w.s.WebMvcTestContextBootstrapper : Using TestExecutionListeners: [org.springframework.test.context.web.ServletTestExecutionListener@570c3741, org.springframework.test.context.support.DirtiesContextBeforeModesTestExecutionListener@401bd6f5, org.springframework.boot.test.mock.mockito.MockitoTestExecutionListener@27f37988, org.springframework.boot.test.autoconfigure.SpringBootDependencyInjectionTestExecutionListener@a691999, org.springframework.test.context.support.DirtiesContextTestExecutionListener@3c6991aa, org.springframework.test.context.transaction.TransactionalTestExecutionListener@22db54ac, org.springframework.test.context.jdbc.SqlScriptsTestExecutionListener@1ed84646, org.springframework.security.test.context.support.WithSecurityContextTestExecutionListener@5c3f21d5, org.springframework.security.test.context.support.ReactorContextTestExecutionListener@2c2b1f39, org.springframework.boot.test.autoconfigure.restdocs.RestDocsTestExecutionListener@542d5024, org.springframework.boot.test.autoconfigure.web.client.MockRestServiceServerResetTestExecutionListener@89bc691, org.springframework.boot.test.autoconfigure.web.servlet.MockMvcPrintOnlyOnFailureTestExecutionListener@2d8f7fde, org.springframework.boot.test.autoconfigure.web.servlet.WebDriverTestExecutionListener@59297f81, org.springframework.boot.test.mock.mockito.ResetMocksTestExecutionListener@67bba8f0]

  .   ____          _            __ _ _
 /\\ / ___'_ __ _ _(_)_ __  __ _ \ \ \ \
( ( )\___ | '_ | '_| | '_ \/ _` | \ \ \ \
 \\/  ___)| |_)| | | | | || (_| |  ) ) ) )
  '  |____| .__|_| |_|_| |_\__, | / / / /
 =========|_|==============|___/=/_/_/_/
 :: Spring Boot ::        (v2.1.9.RELEASE)

2021-08-10 20:04:12.859  INFO 5692 --- [    Test worker] c.j.b.s.web.HelloControllerTest          : Starting HelloControllerTest on LAPTOP-KP4JG4PQ with PID 5692 (started by eagle in C:\study\shudodog-springboot2-webservice)
2021-08-10 20:04:12.859  INFO 5692 --- [    Test worker] c.j.b.s.web.HelloControllerTest          : No active profile set, falling back to default profiles: default
2021-08-10 20:04:13.440  INFO 5692 --- [    Test worker] o.s.s.concurrent.ThreadPoolTaskExecutor  : Initializing ExecutorService 'applicationTaskExecutor'
2021-08-10 20:04:13.490  INFO 5692 --- [    Test worker] o.s.b.a.w.s.WelcomePageHandlerMapping    : Adding welcome page template: index
2021-08-10 20:04:13.745  INFO 5692 --- [    Test worker] .s.s.UserDetailsServiceAutoConfiguration : 

Using generated security password: 127c017e-76ee-4665-a239-91d3bba57fe1

2021-08-10 20:04:13.903  INFO 5692 --- [    Test worker] o.s.s.web.DefaultSecurityFilterChain     : Creating filter chain: any request, [org.springframework.security.web.context.request.async.WebAsyncManagerIntegrationFilter@3f068e06, org.springframework.security.web.context.SecurityContextPersistenceFilter@6fb38d78, org.springframework.security.web.header.HeaderWriterFilter@7311a2d5, org.springframework.security.web.csrf.CsrfFilter@1947e6b2, org.springframework.security.web.authentication.logout.LogoutFilter@6a58f26f, org.springframework.security.web.authentication.UsernamePasswordAuthenticationFilter@70b6374a, org.springframework.security.web.authentication.ui.DefaultLoginPageGeneratingFilter@2ffb4d02, org.springframework.security.web.authentication.ui.DefaultLogoutPageGeneratingFilter@7159ec7e, org.springframework.security.web.authentication.www.BasicAuthenticationFilter@3f7b6017, org.springframework.security.web.savedrequest.RequestCacheAwareFilter@29fc6941, org.springframework.security.web.servletapi.SecurityContextHolderAwareRequestFilter@578561a1, org.springframework.security.web.authentication.AnonymousAuthenticationFilter@15c6419a, org.springframework.security.web.session.SessionManagementFilter@55c5b873, org.springframework.security.web.access.ExceptionTranslationFilter@2c8982f, org.springframework.security.web.access.intercept.FilterSecurityInterceptor@1e6d6815]
2021-08-10 20:04:13.926  INFO 5692 --- [    Test worker] o.s.b.t.m.w.SpringBootMockServletContext : Initializing Spring TestDispatcherServlet ''
2021-08-10 20:04:13.926  INFO 5692 --- [    Test worker] o.s.t.web.servlet.TestDispatcherServlet  : Initializing Servlet ''
2021-08-10 20:04:13.942  INFO 5692 --- [    Test worker] o.s.t.web.servlet.TestDispatcherServlet  : Completed initialization in 16 ms
2021-08-10 20:04:13.958  INFO 5692 --- [    Test worker] c.j.b.s.web.HelloControllerTest          : Started HelloControllerTest in 1.13 seconds (JVM running for 11.414)
]]></system-out>
  <system-err><![CDATA[]]></system-err>
</testsuite>
